# JRE version: Java(TM) SE Runtime Environment (8.0_181-b13) (build 1.8.0_181-b13)
# Java VM: Java HotSpot(TM) 64-Bit Server VM (25.181-b13 mixed mode windows-amd64 compressed oops)
Heap:
 PSYoungGen      total 38400K, used 28173K [0x000000076b100000, 0x000000076df80000, 0x00000007c0000000)
  eden space 29184K, 70% used [0x000000076b100000,0x000000076c4f34b8,0x000000076cd80000)
  from space 9216K, 84% used [0x000000076d680000,0x000000076de10000,0x000000076df80000)
  to   space 9216K, 0% used [0x000000076cd80000,0x000000076cd80000,0x000000076d680000)
 ParOldGen       total 175104K, used 63898K [0x00000006c1200000, 0x00000006cbd00000, 0x000000076b100000)
  object space 175104K, 36% used [0x00000006c1200000,0x00000006c50668a0,0x00000006cbd00000)
 Metaspace       used 4825K, capacity 5966K, committed 6144K, reserved 1056768K
  class space    used 452K, capacity 488K, committed 512K, reserved 1048576K
GC Heap History (10 events):
Event: 3946.709 GC heap before
{Heap before GC invocations=410 (full 0):
 PSYoungGen      total 38400K, used 36960K [0x000000076b100000, 0x000000076df80000, 0x00000007c0000000)
  eden space 29184K, 100% used [0x000000076b100000,0x000000076cd80000,0x000000076cd80000)
  from space 9216K, 84% used [0x000000076cd80000,0x000000076d518000,0x000000076d680000)
  to   space 9216K, 0% used [0x000000076d680000,0x000000076d680000,0x000000076df80000)
 ParOldGen       total 175104K, used 63882K [0x00000006c1200000, 0x00000006cbd00000, 0x000000076b100000)
  object space 175104K, 36% used [0x00000006c1200000,0x00000006c50628a0,0x00000006cbd00000)
 Metaspace       used 4825K, capacity 5966K, committed 6144K, reserved 1056768K
  class space    used 452K, capacity 488K, committed 512K, reserved 1048576K
Event: 3946.727 GC heap after
Heap after GC invocations=410 (full 0):
 PSYoungGen      total 38400K, used 7776K [0x000000076b100000, 0x000000076df80000, 0x00000007c0000000)
  eden space 29184K, 0% used [0x000000076b100000,0x000000076b100000,0x000000076cd80000)
  from space 9216K, 84% used [0x000000076d680000,0x000000076de18000,0x000000076df80000)
  to   space 9216K, 0% used [0x000000076cd80000,0x000000076cd80000,0x000000076d680000)
 ParOldGen       total 175104K, used 63882K [0x00000006c1200000, 0x00000006cbd00000, 0x000000076b100000)
  object space 175104K, 36% used [0x00000006c1200000,0x00000006c50628a0,0x00000006cbd00000)
 Metaspace       used 4825K, capacity 5966K, committed 6144K, reserved 1056768K
  class space    used 452K, capacity 488K, committed 512K, reserved 1048576K
}
Event: 3955.110 GC heap before
{Heap before GC invocations=411 (full 0):
 PSYoungGen      total 38400K, used 36960K [0x000000076b100000, 0x000000076df80000, 0x00000007c0000000)
  eden space 29184K, 100% used [0x000000076b100000,0x000000076cd80000,0x000000076cd80000)
  from space 9216K, 84% used [0x000000076d680000,0x000000076de18000,0x000000076df80000)
  to   space 9216K, 0% used [0x000000076cd80000,0x000000076cd80000,0x000000076d680000)
 ParOldGen       total 175104K, used 63882K [0x00000006c1200000, 0x00000006cbd00000, 0x000000076b100000)
  object space 175104K, 36% used [0x00000006c1200000,0x00000006c50628a0,0x00000006cbd00000)
 Metaspace       used 4825K, capacity 5966K, committed 6144K, reserved 1056768K
  class space    used 452K, capacity 488K, committed 512K, reserved 1048576K
Event: 3955.127 GC heap after
Heap after GC invocations=411 (full 0):
 PSYoungGen      total 38400K, used 7776K [0x000000076b100000, 0x000000076df80000, 0x00000007c0000000)
  eden space 29184K, 0% used [0x000000076b100000,0x000000076b100000,0x000000076cd80000)
  from space 9216K, 84% used [0x000000076cd80000,0x000000076d518000,0x000000076d680000)
  to   space 9216K, 0% used [0x000000076d680000,0x000000076d680000,0x000000076df80000)
 ParOldGen       total 175104K, used 63882K [0x00000006c1200000, 0x00000006cbd00000, 0x000000076b100000)
  object space 175104K, 36% used [0x00000006c1200000,0x00000006c50628a0,0x00000006cbd00000)
 Metaspace       used 4825K, capacity 5966K, committed 6144K, reserved 1056768K
  class space    used 452K, capacity 488K, committed 512K, reserved 1048576K
}
Event: 3963.507 GC heap before
{Heap before GC invocations=412 (full 0):
 PSYoungGen      total 38400K, used 36960K [0x000000076b100000, 0x000000076df80000, 0x00000007c0000000)
  eden space 29184K, 100% used [0x000000076b100000,0x000000076cd80000,0x000000076cd80000)
  from space 9216K, 84% used [0x000000076cd80000,0x000000076d518000,0x000000076d680000)
  to   space 9216K, 0% used [0x000000076d680000,0x000000076d680000,0x000000076df80000)
 ParOldGen       total 175104K, used 63882K [0x00000006c1200000, 0x00000006cbd00000, 0x000000076b100000)
  object space 175104K, 36% used [0x00000006c1200000,0x00000006c50628a0,0x00000006cbd00000)
 Metaspace       used 4825K, capacity 5966K, committed 6144K, reserved 1056768K
  class space    used 452K, capacity 488K, committed 512K, reserved 1048576K
Event: 3963.525 GC heap after
Heap after GC invocations=412 (full 0):
 PSYoungGen      total 38400K, used 7744K [0x000000076b100000, 0x000000076df80000, 0x00000007c0000000)
  eden space 29184K, 0% used [0x000000076b100000,0x000000076b100000,0x000000076cd80000)
  from space 9216K, 84% used [0x000000076d680000,0x000000076de10000,0x000000076df80000)
  to   space 9216K, 0% used [0x000000076cd80000,0x000000076cd80000,0x000000076d680000)
 ParOldGen       total 175104K, used 63898K [0x00000006c1200000, 0x00000006cbd00000, 0x000000076b100000)
  object space 175104K, 36% used [0x00000006c1200000,0x00000006c50668a0,0x00000006cbd00000)
 Metaspace       used 4825K, capacity 5966K, committed 6144K, reserved 1056768K
  class space    used 452K, capacity 488K, committed 512K, reserved 1048576K
}
Event: 3971.906 GC heap before
{Heap before GC invocations=413 (full 0):
 PSYoungGen      total 38400K, used 36928K [0x000000076b100000, 0x000000076df80000, 0x00000007c0000000)
  eden space 29184K, 100% used [0x000000076b100000,0x000000076cd80000,0x000000076cd80000)
  from space 9216K, 84% used [0x000000076d680000,0x000000076de10000,0x000000076df80000)
  to   space 9216K, 0% used [0x000000076cd80000,0x000000076cd80000,0x000000076d680000)
 ParOldGen       total 175104K, used 63898K [0x00000006c1200000, 0x00000006cbd00000, 0x000000076b100000)
  object space 175104K, 36% used [0x00000006c1200000,0x00000006c50668a0,0x00000006cbd00000)
 Metaspace       used 4825K, capacity 5966K, committed 6144K, reserved 1056768K
  class space    used 452K, capacity 488K, committed 512K, reserved 1048576K
Event: 3971.925 GC heap after
Heap after GC invocations=413 (full 0):
 PSYoungGen      total 38400K, used 7776K [0x000000076b100000, 0x000000076df80000, 0x00000007c0000000)
  eden space 29184K, 0% used [0x000000076b100000,0x000000076b100000,0x000000076cd80000)
  from space 9216K, 84% used [0x000000076cd80000,0x000000076d518000,0x000000076d680000)
  to   space 9216K, 0% used [0x000000076d680000,0x000000076d680000,0x000000076df80000)
 ParOldGen       total 175104K, used 63898K [0x00000006c1200000, 0x00000006cbd00000, 0x000000076b100000)
  object space 175104K, 36% used [0x00000006c1200000,0x00000006c50668a0,0x00000006cbd00000)
 Metaspace       used 4825K, capacity 5966K, committed 6144K, reserved 1056768K
  class space    used 452K, capacity 488K, committed 512K, reserved 1048576K
}
Event: 3980.306 GC heap before
{Heap before GC invocations=414 (full 0):
 PSYoungGen      total 38400K, used 36960K [0x000000076b100000, 0x000000076df80000, 0x00000007c0000000)
  eden space 29184K, 100% used [0x000000076b100000,0x000000076cd80000,0x000000076cd80000)
  from space 9216K, 84% used [0x000000076cd80000,0x000000076d518000,0x000000076d680000)
  to   space 9216K, 0% used [0x000000076d680000,0x000000076d680000,0x000000076df80000)
 ParOldGen       total 175104K, used 63898K [0x00000006c1200000, 0x00000006cbd00000, 0x000000076b100000)
  object space 175104K, 36% used [0x00000006c1200000,0x00000006c50668a0,0x00000006cbd00000)
 Metaspace       used 4825K, capacity 5966K, committed 6144K, reserved 1056768K
  class space    used 452K, capacity 488K, committed 512K, reserved 1048576K
Event: 3980.324 GC heap after
Heap after GC invocations=414 (full 0):
 PSYoungGen      total 38400K, used 7744K [0x000000076b100000, 0x000000076df80000, 0x00000007c0000000)
  eden space 29184K, 0% used [0x000000076b100000,0x000000076b100000,0x000000076cd80000)
  from space 9216K, 84% used [0x000000076d680000,0x000000076de10000,0x000000076df80000)
  to   space 9216K, 0% used [0x000000076cd80000,0x000000076cd80000,0x000000076d680000)
 ParOldGen       total 175104K, used 63898K [0x00000006c1200000, 0x00000006cbd00000, 0x000000076b100000)
  object space 175104K, 36% used [0x00000006c1200000,0x00000006c50668a0,0x00000006cbd00000)
 Metaspace       used 4825K, capacity 5966K, committed 6144K, reserved 1056768K
  class space    used 452K, capacity 488K, committed 512K, reserved 1048576K
}

