# JRE version: Java(TM) SE Runtime Environment (8.0_181-b13) (build 1.8.0_181-b13)
# Java VM: Java HotSpot(TM) 64-Bit Server VM (25.181-b13 mixed mode windows-amd64 compressed oops)
Heap:
 PSYoungGen      total 55296K, used 22963K [0x000000076b100000, 0x0000000770580000, 0x00000007c0000000)
  eden space 43520K, 26% used [0x000000076b100000,0x000000076bc0cdb8,0x000000076db80000)
  from space 11776K, 98% used [0x000000076dc00000,0x000000076e760000,0x000000076e780000)
  to   space 21504K, 0% used [0x000000076f080000,0x000000076f080000,0x0000000770580000)
 ParOldGen       total 175104K, used 59008K [0x00000006c1200000, 0x00000006cbd00000, 0x000000076b100000)
  object space 175104K, 33% used [0x00000006c1200000,0x00000006c4ba0100,0x00000006cbd00000)
 Metaspace       used 4844K, capacity 5966K, committed 6144K, reserved 1056768K
  class space    used 453K, capacity 488K, committed 512K, reserved 1048576K
GC Heap History (10 events):
Event: 385.884 GC heap before
{Heap before GC invocations=25 (full 0):
 PSYoungGen      total 68096K, used 58400K [0x000000076b100000, 0x0000000770b00000, 0x00000007c0000000)
  eden space 46080K, 100% used [0x000000076b100000,0x000000076de00000,0x000000076de00000)
  from space 22016K, 55% used [0x000000076f580000,0x0000000770188000,0x0000000770b00000)
  to   space 23040K, 0% used [0x000000076de00000,0x000000076de00000,0x000000076f480000)
 ParOldGen       total 175104K, used 58976K [0x00000006c1200000, 0x00000006cbd00000, 0x000000076b100000)
  object space 175104K, 33% used [0x00000006c1200000,0x00000006c4b98100,0x00000006cbd00000)
 Metaspace       used 4844K, capacity 5966K, committed 6144K, reserved 1056768K
  class space    used 453K, capacity 488K, committed 512K, reserved 1048576K
Event: 385.912 GC heap after
Heap after GC invocations=25 (full 0):
 PSYoungGen      total 57856K, used 12192K [0x000000076b100000, 0x0000000770a80000, 0x00000007c0000000)
  eden space 45568K, 0% used [0x000000076b100000,0x000000076b100000,0x000000076dd80000)
  from space 12288K, 99% used [0x000000076de00000,0x000000076e9e8000,0x000000076ea00000)
  to   space 23040K, 0% used [0x000000076f400000,0x000000076f400000,0x0000000770a80000)
 ParOldGen       total 175104K, used 58976K [0x00000006c1200000, 0x00000006cbd00000, 0x000000076b100000)
  object space 175104K, 33% used [0x00000006c1200000,0x00000006c4b98100,0x00000006cbd00000)
 Metaspace       used 4844K, capacity 5966K, committed 6144K, reserved 1056768K
  class space    used 453K, capacity 488K, committed 512K, reserved 1048576K
}
Event: 398.484 GC heap before
{Heap before GC invocations=26 (full 0):
 PSYoungGen      total 57856K, used 57760K [0x000000076b100000, 0x0000000770a80000, 0x00000007c0000000)
  eden space 45568K, 100% used [0x000000076b100000,0x000000076dd80000,0x000000076dd80000)
  from space 12288K, 99% used [0x000000076de00000,0x000000076e9e8000,0x000000076ea00000)
  to   space 23040K, 0% used [0x000000076f400000,0x000000076f400000,0x0000000770a80000)
 ParOldGen       total 175104K, used 58976K [0x00000006c1200000, 0x00000006cbd00000, 0x000000076b100000)
  object space 175104K, 33% used [0x00000006c1200000,0x00000006c4b98100,0x00000006cbd00000)
 Metaspace       used 4844K, capacity 5966K, committed 6144K, reserved 1056768K
  class space    used 453K, capacity 488K, committed 512K, reserved 1048576K
Event: 398.511 GC heap after
Heap after GC invocations=26 (full 0):
 PSYoungGen      total 66560K, used 12064K [0x000000076b100000, 0x0000000770900000, 0x00000007c0000000)
  eden space 45056K, 0% used [0x000000076b100000,0x000000076b100000,0x000000076dd00000)
  from space 21504K, 56% used [0x000000076f400000,0x000000076ffc8000,0x0000000770900000)
  to   space 22528K, 0% used [0x000000076dd00000,0x000000076dd00000,0x000000076f300000)
 ParOldGen       total 175104K, used 58976K [0x00000006c1200000, 0x00000006cbd00000, 0x000000076b100000)
  object space 175104K, 33% used [0x00000006c1200000,0x00000006c4b98100,0x00000006cbd00000)
 Metaspace       used 4844K, capacity 5966K, committed 6144K, reserved 1056768K
  class space    used 453K, capacity 488K, committed 512K, reserved 1048576K
}
Event: 410.969 GC heap before
{Heap before GC invocations=27 (full 0):
 PSYoungGen      total 66560K, used 57120K [0x000000076b100000, 0x0000000770900000, 0x00000007c0000000)
  eden space 45056K, 100% used [0x000000076b100000,0x000000076dd00000,0x000000076dd00000)
  from space 21504K, 56% used [0x000000076f400000,0x000000076ffc8000,0x0000000770900000)
  to   space 22528K, 0% used [0x000000076dd00000,0x000000076dd00000,0x000000076f300000)
 ParOldGen       total 175104K, used 58976K [0x00000006c1200000, 0x00000006cbd00000, 0x000000076b100000)
  object space 175104K, 33% used [0x00000006c1200000,0x00000006c4b98100,0x00000006cbd00000)
 Metaspace       used 4844K, capacity 5966K, committed 6144K, reserved 1056768K
  class space    used 453K, capacity 488K, committed 512K, reserved 1048576K
Event: 410.997 GC heap after
Heap after GC invocations=27 (full 0):
 PSYoungGen      total 56832K, used 11936K [0x000000076b100000, 0x0000000770780000, 0x00000007c0000000)
  eden space 44544K, 0% used [0x000000076b100000,0x000000076b100000,0x000000076dc80000)
  from space 12288K, 97% used [0x000000076dd00000,0x000000076e8a8000,0x000000076e900000)
  to   space 22016K, 0% used [0x000000076f200000,0x000000076f200000,0x0000000770780000)
 ParOldGen       total 175104K, used 58976K [0x00000006c1200000, 0x00000006cbd00000, 0x000000076b100000)
  object space 175104K, 33% used [0x00000006c1200000,0x00000006c4b98100,0x00000006cbd00000)
 Metaspace       used 4844K, capacity 5966K, committed 6144K, reserved 1056768K
  class space    used 453K, capacity 488K, committed 512K, reserved 1048576K
}
Event: 423.323 GC heap before
{Heap before GC invocations=28 (full 0):
 PSYoungGen      total 56832K, used 56480K [0x000000076b100000, 0x0000000770780000, 0x00000007c0000000)
  eden space 44544K, 100% used [0x000000076b100000,0x000000076dc80000,0x000000076dc80000)
  from space 12288K, 97% used [0x000000076dd00000,0x000000076e8a8000,0x000000076e900000)
  to   space 22016K, 0% used [0x000000076f200000,0x000000076f200000,0x0000000770780000)
 ParOldGen       total 175104K, used 58976K [0x00000006c1200000, 0x00000006cbd00000, 0x000000076b100000)
  object space 175104K, 33% used [0x00000006c1200000,0x00000006c4b98100,0x00000006cbd00000)
 Metaspace       used 4844K, capacity 5966K, committed 6144K, reserved 1056768K
  class space    used 453K, capacity 488K, committed 512K, reserved 1048576K
Event: 423.351 GC heap after
Heap after GC invocations=28 (full 0):
 PSYoungGen      total 64512K, used 11776K [0x000000076b100000, 0x0000000770600000, 0x00000007c0000000)
  eden space 44032K, 0% used [0x000000076b100000,0x000000076b100000,0x000000076dc00000)
  from space 20480K, 57% used [0x000000076f200000,0x000000076fd80000,0x0000000770600000)
  to   space 21504K, 0% used [0x000000076dc00000,0x000000076dc00000,0x000000076f100000)
 ParOldGen       total 175104K, used 58992K [0x00000006c1200000, 0x00000006cbd00000, 0x000000076b100000)
  object space 175104K, 33% used [0x00000006c1200000,0x00000006c4b9c100,0x00000006cbd00000)
 Metaspace       used 4844K, capacity 5966K, committed 6144K, reserved 1056768K
  class space    used 453K, capacity 488K, committed 512K, reserved 1048576K
}
Event: 435.485 GC heap before
{Heap before GC invocations=29 (full 0):
 PSYoungGen      total 64512K, used 55808K [0x000000076b100000, 0x0000000770600000, 0x00000007c0000000)
  eden space 44032K, 100% used [0x000000076b100000,0x000000076dc00000,0x000000076dc00000)
  from space 20480K, 57% used [0x000000076f200000,0x000000076fd80000,0x0000000770600000)
  to   space 21504K, 0% used [0x000000076dc00000,0x000000076dc00000,0x000000076f100000)
 ParOldGen       total 175104K, used 58992K [0x00000006c1200000, 0x00000006cbd00000, 0x000000076b100000)
  object space 175104K, 33% used [0x00000006c1200000,0x00000006c4b9c100,0x00000006cbd00000)
 Metaspace       used 4844K, capacity 5966K, committed 6144K, reserved 1056768K
  class space    used 453K, capacity 488K, committed 512K, reserved 1048576K
Event: 435.511 GC heap after
Heap after GC invocations=29 (full 0):
 PSYoungGen      total 55296K, used 11648K [0x000000076b100000, 0x0000000770580000, 0x00000007c0000000)
  eden space 43520K, 0% used [0x000000076b100000,0x000000076b100000,0x000000076db80000)
  from space 11776K, 98% used [0x000000076dc00000,0x000000076e760000,0x000000076e780000)
  to   space 21504K, 0% used [0x000000076f080000,0x000000076f080000,0x0000000770580000)
 ParOldGen       total 175104K, used 59008K [0x00000006c1200000, 0x00000006cbd00000, 0x000000076b100000)
  object space 175104K, 33% used [0x00000006c1200000,0x00000006c4ba0100,0x00000006cbd00000)
 Metaspace       used 4844K, capacity 5966K, committed 6144K, reserved 1056768K
  class space    used 453K, capacity 488K, committed 512K, reserved 1048576K
}

